<?xml version="1.0" encoding="UTF-8"?>
<!-- Generated by org.testng.reporters.JUnitReportReporter -->
<testsuite skipped="0" hostname="SHIV" name="Jenkinstest.Sample" tests="1" failures="0" timestamp="23 Apr 2017 18:13:08 GMT" time="32.226" errors="0">
  <testcase name="Test_1" time="32.226" classname="Jenkinstest.Sample"/>
</testsuite> <!-- Jenkinstest.Sample -->
