<?xml version="1.0" encoding="UTF-8"?>
<!-- Generated by org.testng.reporters.JUnitReportReporter -->
<testsuite skipped="0" hostname="SHIV" name="Jenkinstest.Sample" tests="1" failures="0" timestamp="29 Apr 2017 06:36:59 GMT" time="55.406" errors="0">
  <testcase name="Test_1" time="55.406" classname="Jenkinstest.Sample"/>
</testsuite> <!-- Jenkinstest.Sample -->
